d:\users\aiden.storey\desktop\ggj2015\sidetracked\sidetracked\debug\vc120.pdb
d:\users\aiden.storey\desktop\ggj2015\sidetracked\sidetracked\debug\vc120.idb
d:\users\aiden.storey\desktop\ggj2015\sidetracked\sidetracked\debug\dialog.obj
d:\users\aiden.storey\desktop\ggj2015\sidetracked\sidetracked\debug\entity.obj
d:\users\aiden.storey\desktop\ggj2015\sidetracked\sidetracked\debug\entity_manager.obj
d:\users\aiden.storey\desktop\ggj2015\sidetracked\sidetracked\debug\item.obj
d:\users\aiden.storey\desktop\ggj2015\sidetracked\sidetracked\debug\npc.obj
d:\users\aiden.storey\desktop\ggj2015\sidetracked\sidetracked\debug\player.obj
d:\users\aiden.storey\desktop\ggj2015\sidetracked\sidetracked\debug\program_entry.obj
d:\users\aiden.storey\desktop\ggj2015\sidetracked\sidetracked\debug\quest.obj
d:\users\aiden.storey\desktop\ggj2015\sidetracked\sidetracked\debug\scene_gameplay.obj
d:\users\aiden.storey\desktop\ggj2015\sidetracked\sidetracked\debug\scene_menu.obj
d:\users\aiden.storey\desktop\ggj2015\sidetracked\sidetracked\debug\sound_manager.obj
d:\users\aiden.storey\desktop\ggj2015\sidetracked\sidetracked\debug\tile.obj
d:\users\aiden.storey\desktop\ggj2015\sidetracked\sidetracked\debug\sidetracked.res
d:\users\aiden.storey\desktop\ggj2015\sidetracked\debug\sidetracked.pdb
d:\users\aiden.storey\desktop\ggj2015\sidetracked\sidetracked\debug\sidetracked.tlog\cl.command.1.tlog
d:\users\aiden.storey\desktop\ggj2015\sidetracked\sidetracked\debug\sidetracked.tlog\cl.read.1.tlog
d:\users\aiden.storey\desktop\ggj2015\sidetracked\sidetracked\debug\sidetracked.tlog\cl.write.1.tlog
d:\users\aiden.storey\desktop\ggj2015\sidetracked\sidetracked\debug\sidetracked.tlog\link-cvtres.read.1.tlog
d:\users\aiden.storey\desktop\ggj2015\sidetracked\sidetracked\debug\sidetracked.tlog\link-cvtres.write.1.tlog
d:\users\aiden.storey\desktop\ggj2015\sidetracked\sidetracked\debug\sidetracked.tlog\link-rc.read.1.tlog
d:\users\aiden.storey\desktop\ggj2015\sidetracked\sidetracked\debug\sidetracked.tlog\link-rc.write.1.tlog
d:\users\aiden.storey\desktop\ggj2015\sidetracked\sidetracked\debug\sidetracked.tlog\link.3120-cvtres.read.1.tlog
d:\users\aiden.storey\desktop\ggj2015\sidetracked\sidetracked\debug\sidetracked.tlog\link.3120-cvtres.write.1.tlog
d:\users\aiden.storey\desktop\ggj2015\sidetracked\sidetracked\debug\sidetracked.tlog\link.3120-rc.read.1.tlog
d:\users\aiden.storey\desktop\ggj2015\sidetracked\sidetracked\debug\sidetracked.tlog\link.3120-rc.write.1.tlog
d:\users\aiden.storey\desktop\ggj2015\sidetracked\sidetracked\debug\sidetracked.tlog\link.3120.read.1.tlog
d:\users\aiden.storey\desktop\ggj2015\sidetracked\sidetracked\debug\sidetracked.tlog\link.3120.write.1.tlog
d:\users\aiden.storey\desktop\ggj2015\sidetracked\sidetracked\debug\sidetracked.tlog\link.command.1.tlog
d:\users\aiden.storey\desktop\ggj2015\sidetracked\sidetracked\debug\sidetracked.tlog\link.read.1.tlog
d:\users\aiden.storey\desktop\ggj2015\sidetracked\sidetracked\debug\sidetracked.tlog\link.write.1.tlog
d:\users\aiden.storey\desktop\ggj2015\sidetracked\sidetracked\debug\sidetracked.tlog\rc.command.1.tlog
d:\users\aiden.storey\desktop\ggj2015\sidetracked\sidetracked\debug\sidetracked.tlog\rc.read.1.tlog
d:\users\aiden.storey\desktop\ggj2015\sidetracked\sidetracked\debug\sidetracked.tlog\rc.write.1.tlog
