Build started 25/01/2015 1:04:55 p.m..
     1>Project "D:\Users\aiden.storey\Desktop\GGJ2015\Sidetracked\Sidetracked\Sidetracked.vcxproj" on node 2 (Build target(s)).
     1>ClCompile:
         C:\Program Files (x86)\Microsoft Visual Studio 12.0\VC\bin\CL.exe /c /ZI /nologo /W3 /WX- /sdl /Od /Oy- /D WIN32 /D _DEBUG /D _WINDOWS /D _UNICODE /D UNICODE /Gm /EHsc /RTC1 /MDd /GS /fp:precise /Zc:wchar_t /Zc:forScope /Fo"Debug\\" /Fd"Debug\vc120.pdb" /Gd /TP /wd4005 /wd4099 /analyze- /errorReport:prompt scene_gameplay.cpp
         scene_gameplay.cpp
       Link:
         C:\Program Files (x86)\Microsoft Visual Studio 12.0\VC\bin\link.exe /ERRORREPORT:PROMPT /OUT:"D:\Users\aiden.storey\Desktop\GGJ2015\Sidetracked\Debug\Sidetracked.exe" /INCREMENTAL /NOLOGO d3d10.lib d3dx10.lib dxerr.lib dsound.lib dxguid.lib winmm.lib ASEngineLibd.lib kernel32.lib user32.lib gdi32.lib winspool.lib comdlg32.lib advapi32.lib shell32.lib ole32.lib oleaut32.lib uuid.lib odbc32.lib odbccp32.lib /MANIFEST /MANIFESTUAC:"level='asInvoker' uiAccess='false'" /manifest:embed /DEBUG /PDB:"D:\Users\aiden.storey\Desktop\GGJ2015\Sidetracked\Debug\Sidetracked.pdb" /SUBSYSTEM:WINDOWS /TLBID:1 /DYNAMICBASE /NXCOMPAT /IMPLIB:"D:\Users\aiden.storey\Desktop\GGJ2015\Sidetracked\Debug\Sidetracked.lib" /MACHINE:X86 Debug\Sidetracked.res
         Debug\dialog.obj
         Debug\entity.obj
         Debug\entity_manager.obj
         Debug\event.obj
         Debug\item.obj
         Debug\npc.obj
         Debug\player.obj
         Debug\program_entry.obj
         Debug\quest.obj
         Debug\scene_endgame.obj
         Debug\scene_gameplay.obj
         Debug\scene_menu.obj
         Debug\tile.obj
         Sidetracked.vcxproj -> D:\Users\aiden.storey\Desktop\GGJ2015\Sidetracked\Debug\Sidetracked.exe
     1>Done Building Project "D:\Users\aiden.storey\Desktop\GGJ2015\Sidetracked\Sidetracked\Sidetracked.vcxproj" (Build target(s)).

Build succeeded.

Time Elapsed 00:00:02.01
