d:\users\aiden.storey\desktop\ggj2015\sidetracked\sidetracked\release\vc120.pdb
d:\users\aiden.storey\desktop\ggj2015\sidetracked\sidetracked\release\tile.obj
d:\users\aiden.storey\desktop\ggj2015\sidetracked\sidetracked\release\scene_menu.obj
d:\users\aiden.storey\desktop\ggj2015\sidetracked\sidetracked\release\scene_gameplay.obj
d:\users\aiden.storey\desktop\ggj2015\sidetracked\sidetracked\release\scene_endgame.obj
d:\users\aiden.storey\desktop\ggj2015\sidetracked\sidetracked\release\quest.obj
d:\users\aiden.storey\desktop\ggj2015\sidetracked\sidetracked\release\program_entry.obj
d:\users\aiden.storey\desktop\ggj2015\sidetracked\sidetracked\release\player.obj
d:\users\aiden.storey\desktop\ggj2015\sidetracked\sidetracked\release\npc.obj
d:\users\aiden.storey\desktop\ggj2015\sidetracked\sidetracked\release\item.obj
d:\users\aiden.storey\desktop\ggj2015\sidetracked\sidetracked\release\event.obj
d:\users\aiden.storey\desktop\ggj2015\sidetracked\sidetracked\release\entity_manager.obj
d:\users\aiden.storey\desktop\ggj2015\sidetracked\sidetracked\release\entity.obj
d:\users\aiden.storey\desktop\ggj2015\sidetracked\sidetracked\release\dialog.obj
d:\users\aiden.storey\desktop\ggj2015\sidetracked\release\sidetracked.exe
d:\users\aiden.storey\desktop\ggj2015\sidetracked\release\sidetracked.pdb
d:\users\aiden.storey\desktop\ggj2015\sidetracked\sidetracked\release\sidetracked.res
d:\users\aiden.storey\desktop\ggj2015\sidetracked\sidetracked\release\sidetracked.tlog\cl.command.1.tlog
d:\users\aiden.storey\desktop\ggj2015\sidetracked\sidetracked\release\sidetracked.tlog\cl.read.1.tlog
d:\users\aiden.storey\desktop\ggj2015\sidetracked\sidetracked\release\sidetracked.tlog\cl.write.1.tlog
d:\users\aiden.storey\desktop\ggj2015\sidetracked\sidetracked\release\sidetracked.tlog\link.command.1.tlog
d:\users\aiden.storey\desktop\ggj2015\sidetracked\sidetracked\release\sidetracked.tlog\link.read.1.tlog
d:\users\aiden.storey\desktop\ggj2015\sidetracked\sidetracked\release\sidetracked.tlog\link.write.1.tlog
d:\users\aiden.storey\desktop\ggj2015\sidetracked\sidetracked\release\sidetracked.tlog\rc.command.1.tlog
d:\users\aiden.storey\desktop\ggj2015\sidetracked\sidetracked\release\sidetracked.tlog\rc.read.1.tlog
d:\users\aiden.storey\desktop\ggj2015\sidetracked\sidetracked\release\sidetracked.tlog\rc.write.1.tlog
